<?xml version="1.0" encoding="UTF-8"?>
<testng-results skipped="0" failed="0" ignored="0" total="2" passed="2">
  <reporter-output>
  </reporter-output>
  <suite name="Suite" duration-ms="42249" started-at="2023-03-06T19:31:28 BDT" finished-at="2023-03-06T19:32:10 BDT">
    <groups>
      <group name="cucumber">
        <method signature="AbstractTestNGCucumberTests.runScenario(io.cucumber.testng.PickleWrapper, io.cucumber.testng.FeatureWrapper)[pri:0, instance:AppTestRunner.ExperiBankTestRunner@56620197]" name="runScenario" class="io.cucumber.testng.AbstractTestNGCucumberTests"/>
      </group> <!-- cucumber -->
    </groups>
    <test name="cucumber" duration-ms="42249" started-at="2023-03-06T19:31:28 BDT" finished-at="2023-03-06T19:32:10 BDT">
      <class name="AppTestRunner.ExperiBankTestRunner">
        <test-method status="PASS" signature="setUpClass()[pri:0, instance:AppTestRunner.ExperiBankTestRunner@56620197]" name="setUpClass" is-config="true" duration-ms="525" started-at="2023-03-06T19:31:28 BDT" finished-at="2023-03-06T19:31:28 BDT">
          <reporter-output>
          </reporter-output>
        </test-method> <!-- setUpClass -->
        <test-method status="PASS" signature="runScenario(io.cucumber.testng.PickleWrapper, io.cucumber.testng.FeatureWrapper)[pri:0, instance:AppTestRunner.ExperiBankTestRunner@56620197]" name="runScenario" duration-ms="21643" started-at="2023-03-06T19:31:28 BDT" description="Runs Cucumber Scenarios" data-provider="scenarios" finished-at="2023-03-06T19:31:50 BDT">
          <params>
            <param index="0">
              <value>
                <![CDATA["user login"]]>
              </value>
            </param>
            <param index="1">
              <value>
                <![CDATA["Optional[AppTest]"]]>
              </value>
            </param>
          </params>
          <reporter-output>
          </reporter-output>
        </test-method> <!-- runScenario -->
        <test-method status="PASS" signature="runScenario(io.cucumber.testng.PickleWrapper, io.cucumber.testng.FeatureWrapper)[pri:0, instance:AppTestRunner.ExperiBankTestRunner@56620197]" name="runScenario" duration-ms="19985" started-at="2023-03-06T19:31:50 BDT" description="Runs Cucumber Scenarios" data-provider="scenarios" finished-at="2023-03-06T19:32:10 BDT">
          <params>
            <param index="0">
              <value>
                <![CDATA[""]]>
              </value>
            </param>
            <param index="1">
              <value>
                <![CDATA["Optional.empty"]]>
              </value>
            </param>
          </params>
          <reporter-output>
          </reporter-output>
        </test-method> <!-- runScenario -->
        <test-method status="PASS" signature="tearDownClass()[pri:0, instance:AppTestRunner.ExperiBankTestRunner@56620197]" name="tearDownClass" is-config="true" duration-ms="62" started-at="2023-03-06T19:32:10 BDT" finished-at="2023-03-06T19:32:10 BDT">
          <reporter-output>
          </reporter-output>
        </test-method> <!-- tearDownClass -->
      </class> <!-- AppTestRunner.ExperiBankTestRunner -->
    </test> <!-- cucumber -->
  </suite> <!-- Suite -->
</testng-results>
