<?xml version="1.0" encoding="UTF-8"?>
<testng-results skipped="0" failed="0" ignored="0" total="3" passed="3">
  <reporter-output>
  </reporter-output>
  <suite name="Suite" duration-ms="84147" started-at="2023-03-12T15:11:42 BDT" finished-at="2023-03-12T15:13:06 BDT">
    <groups>
      <group name="cucumber">
        <method signature="AbstractTestNGCucumberTests.runScenario(io.cucumber.testng.PickleWrapper, io.cucumber.testng.FeatureWrapper)[pri:0, instance:AppTestRunner.ExperiBankTestRunner@192d43ce]" name="runScenario" class="io.cucumber.testng.AbstractTestNGCucumberTests"/>
      </group> <!-- cucumber -->
    </groups>
    <test name="cucumber" duration-ms="84147" started-at="2023-03-12T15:11:42 BDT" finished-at="2023-03-12T15:13:06 BDT">
      <class name="AppTestRunner.ExperiBankTestRunner">
        <test-method status="PASS" signature="setUpClass()[pri:0, instance:AppTestRunner.ExperiBankTestRunner@192d43ce]" name="setUpClass" is-config="true" duration-ms="593" started-at="2023-03-12T15:11:42 BDT" finished-at="2023-03-12T15:11:43 BDT">
          <reporter-output>
          </reporter-output>
        </test-method> <!-- setUpClass -->
        <test-method status="PASS" signature="runScenario(io.cucumber.testng.PickleWrapper, io.cucumber.testng.FeatureWrapper)[pri:0, instance:AppTestRunner.ExperiBankTestRunner@192d43ce]" name="runScenario" duration-ms="23648" started-at="2023-03-12T15:11:43 BDT" description="Runs Cucumber Scenarios" data-provider="scenarios" finished-at="2023-03-12T15:12:06 BDT">
          <params>
            <param index="0">
              <value>
                <![CDATA["user login"]]>
              </value>
            </param>
            <param index="1">
              <value>
                <![CDATA["Optional[AppTest]"]]>
              </value>
            </param>
          </params>
          <reporter-output>
          </reporter-output>
        </test-method> <!-- runScenario -->
        <test-method status="PASS" signature="runScenario(io.cucumber.testng.PickleWrapper, io.cucumber.testng.FeatureWrapper)[pri:0, instance:AppTestRunner.ExperiBankTestRunner@192d43ce]" name="runScenario" duration-ms="20200" started-at="2023-03-12T15:12:06 BDT" description="Runs Cucumber Scenarios" data-provider="scenarios" finished-at="2023-03-12T15:12:27 BDT">
          <params>
            <param index="0">
              <value>
                <![CDATA[""]]>
              </value>
            </param>
            <param index="1">
              <value>
                <![CDATA["Optional.empty"]]>
              </value>
            </param>
          </params>
          <reporter-output>
          </reporter-output>
        </test-method> <!-- runScenario -->
        <test-method status="PASS" signature="runScenario(io.cucumber.testng.PickleWrapper, io.cucumber.testng.FeatureWrapper)[pri:0, instance:AppTestRunner.ExperiBankTestRunner@192d43ce]" name="runScenario" duration-ms="39617" started-at="2023-03-12T15:12:27 BDT" description="Runs Cucumber Scenarios" data-provider="scenarios" finished-at="2023-03-12T15:13:06 BDT">
          <params>
            <param index="0">
              <value>
                <![CDATA[""]]>
              </value>
            </param>
            <param index="1">
              <value>
                <![CDATA["Optional.empty"]]>
              </value>
            </param>
          </params>
          <reporter-output>
          </reporter-output>
        </test-method> <!-- runScenario -->
        <test-method status="PASS" signature="tearDownClass()[pri:0, instance:AppTestRunner.ExperiBankTestRunner@192d43ce]" name="tearDownClass" is-config="true" duration-ms="54" started-at="2023-03-12T15:13:06 BDT" finished-at="2023-03-12T15:13:06 BDT">
          <reporter-output>
          </reporter-output>
        </test-method> <!-- tearDownClass -->
      </class> <!-- AppTestRunner.ExperiBankTestRunner -->
    </test> <!-- cucumber -->
  </suite> <!-- Suite -->
</testng-results>
